<?xml version="1.0" encoding="UTF-8" ?>
<testsuite tests="11" failures="0" name="logica.ControladoraTest" time="1.642" errors="0" skipped="0">
  <properties>
[...]
</properties>
  <testcase classname="logica.ControladoraTest" name="givenValidPlaca_whenCrearAutomovil_thenAutomovilCreated" time="1.464"/>
  <testcase classname="logica.ControladoraTest" name="givenDuplicateCodigoInsumo_whenCrearInsumo_thenThrowException" time="0.019"/>
  <testcase classname="logica.ControladoraTest" name="givenExistingInventario_whenCrearInventario_thenInventarioNotCreated" time="0.022"/>
  <testcase classname="logica.ControladoraTest" name="whenEncontrarInventario_thenReturnInventario" time="0.021"/>
  <testcase classname="logica.ControladoraTest" name="givenInvalidPlaca_whenCrearAutomovil_thenAutomovilNotCreated" time="0.017"/>
  <testcase classname="logica.ControladoraTest" name="whenGetInsumos_thenReturnInsumoList" time="0.018"/>
  <testcase classname="logica.ControladoraTest" name="givenInvalidData_whenCrearReparacion_thenThrowException" time="0.014"/>
  <testcase classname="logica.ControladoraTest" name="givenValidData_whenCrearReparacion_thenReparacionCreated" time="0.015"/>
  <testcase classname="logica.ControladoraTest" name="givenValidData_whenCrearInsumo_thenInsumoCreated" time="0.02"/>
  <testcase classname="logica.ControladoraTest" name="givenValidData_whenCrearInventario_thenInventarioCreated" time="0.018"/>
  <testcase classname="logica.ControladoraTest" name="givenPlaca_whenEncontrarAuto_thenReturnAutomovil" time="0.014"/>
</testsuite>